<!DOCTYPE html PUBLIC "-//W3C//DTD XHTML 1.1//EN" "https://www.w3.org/TR/xhtml11/DTD/xhtml11.dtd">
<html xmlns="https://www.w3.org/1999/xhtml">
<head>
<meta http-equiv="content-type" content="text/html; charset=UTF-8"/>
<title>TestNG Report</title>
<style type="text/css">table {margin-bottom:10px;border-collapse:collapse;empty-cells:show}th,td {border:1px solid #009;padding:.25em .5em}th {vertical-align:bottom}td {vertical-align:top}table a {font-weight:bold}.stripe td {background-color: #E6EBF9}.num {text-align:right}.passedodd td {background-color: #3F3}.passedeven td {background-color: #0A0}.skippedodd td {background-color: #DDD}.skippedeven td {background-color: #CCC}.failedodd td,.attn {background-color: #F33}.failedeven td,.stripe .attn {background-color: #D00}.stacktrace {white-space:pre;font-family:monospace}.totop {font-size:85%;text-align:center;border-bottom:2px solid #000}.invisible {display:none}</style>
</head>
<body>
<table>
<tr><th>Test</th><th># Passed</th><th># Skipped</th><th># Retried</th><th># Failed</th><th>Time (ms)</th><th>Included Groups</th><th>Excluded Groups</th></tr>
<tr><th colspan="8">Suite</th></tr>
<tr><td><a href="#t0">E2E as Test</a></td><td class="num">3</td><td class="num">0</td><td class="num">0</td><td class="num">0</td><td class="num">15,993</td><td></td><td></td></tr>
<tr class="stripe"><td><a href="#t1">Error Test</a></td><td class="num">0</td><td class="num">0</td><td class="num attn">2</td><td class="num attn">2</td><td class="num">18,609</td><td></td><td></td></tr>
<tr><th>Total</th><th class="num">3</th><th class="num">0</th><th class="num attn">2</th><th class="num attn">2</th><th class="num">34,602</th><th colspan="2"></th></tr>
</table>
<table id='summary'><thead><tr><th>Class</th><th>Method</th><th>Start</th><th>Time (ms)</th></tr></thead><tbody><tr><th colspan="4">Suite</th></tr></tbody><tbody id="t0"><tr><th colspan="4">E2E as Test &#8212; passed</th></tr><tr class="passedeven"><td rowspan="3">Automation4ME.tests.HomeTest</td><td><a href="#m0">E2E</a></td><td rowspan="2">1710944412637</td><td rowspan="2">1504</td></tr><tr class="passedeven"><td><a href="#m1">E2E</a></td></tr><tr class="passedeven"><td><a href="#m2">closingApplication</a></td><td rowspan="1">1710944422215</td><td rowspan="1">835</td></tr></tbody>
<tbody id="t1"><tr><th colspan="4">Error Test &#8212; failed</th></tr><tr class="failedeven"><td rowspan="2">Automation4ME.tests.ErrorValidationtest</td><td><a href="#m3">Errors</a></td><td rowspan="2">1710944420458</td><td rowspan="2">493</td></tr><tr class="failedeven"><td><a href="#m4">Errors</a></td></tr><tr><th colspan="4">Error Test &#8212; retried</th></tr><tr class="retriedeven"><td rowspan="2">Automation4ME.tests.ErrorValidationtest</td><td><a href="#m5">Errors</a></td><td rowspan="2">1710944416550</td><td rowspan="2">710</td></tr><tr class="retriedeven"><td><a href="#m6">Errors</a></td></tr></tbody>
</table>
<h2>E2E as Test</h2><h3 id="m0">Automation4ME.tests.HomeTest#E2E</h3><table class="result"><tr class="param"><th>Parameter #1</th></tr><tr class="param stripe"><td>{password=secret_sauce, email=standard_user}</td></tr></table><p class="totop"><a href="#summary">back to summary</a></p>
<h3 id="m1">Automation4ME.tests.HomeTest#E2E</h3><table class="result"><tr class="param"><th>Parameter #1</th></tr><tr class="param stripe"><td>{password=secret_sauce, email=standard_user}</td></tr></table><p class="totop"><a href="#summary">back to summary</a></p>
<h3 id="m2">Automation4ME.tests.HomeTest#closingApplication</h3><table class="result"><tr><th class="invisible"/></tr></table><p class="totop"><a href="#summary">back to summary</a></p>
<h2>Error Test</h2><h3 id="m3">Automation4ME.tests.ErrorValidationtest#Errors</h3><table class="result"><tr class="param"><th>Parameter #1</th></tr><tr class="param stripe"><td>{password=secret_sauce, email=standard_user}</td></tr><tr><th>Exception</th></tr><tr><td><div class="stacktrace">java.lang.AssertionError: expected [false] but found [true]
	at Automation4ME.tests.ErrorValidationtest.Errors(ErrorValidationtest.java:38)
	at java.base/java.util.ArrayList.forEach(ArrayList.java:1541)
	at java.base/java.util.concurrent.FutureTask.run(FutureTask.java:264)
	at java.base/java.util.concurrent.ThreadPoolExecutor.runWorker(ThreadPoolExecutor.java:1128)
	at java.base/java.util.concurrent.ThreadPoolExecutor$Worker.run(ThreadPoolExecutor.java:628)
	at java.base/java.lang.Thread.run(Thread.java:834)
... Removed 21 stack frames</div></td></tr></table><p class="totop"><a href="#summary">back to summary</a></p>
<h3 id="m4">Automation4ME.tests.ErrorValidationtest#Errors</h3><table class="result"><tr class="param"><th>Parameter #1</th></tr><tr class="param stripe"><td>{password=secret_sauce, email=standard_user}</td></tr><tr><th>Exception</th></tr><tr><td><div class="stacktrace">java.lang.AssertionError: expected [false] but found [true]
	at Automation4ME.tests.ErrorValidationtest.Errors(ErrorValidationtest.java:38)
	at java.base/java.util.ArrayList.forEach(ArrayList.java:1541)
	at java.base/java.util.concurrent.FutureTask.run(FutureTask.java:264)
	at java.base/java.util.concurrent.ThreadPoolExecutor.runWorker(ThreadPoolExecutor.java:1128)
	at java.base/java.util.concurrent.ThreadPoolExecutor$Worker.run(ThreadPoolExecutor.java:628)
	at java.base/java.lang.Thread.run(Thread.java:834)
... Removed 21 stack frames</div></td></tr></table><p class="totop"><a href="#summary">back to summary</a></p>
<h3 id="m5">Automation4ME.tests.ErrorValidationtest#Errors</h3><table class="result"><tr class="param"><th>Parameter #1</th></tr><tr class="param stripe"><td>{password=secret_sauce, email=standard_user}</td></tr><tr><th>Exception</th></tr><tr><td><div class="stacktrace">java.lang.AssertionError: expected [false] but found [true]
	at Automation4ME.tests.ErrorValidationtest.Errors(ErrorValidationtest.java:38)
	at java.base/java.util.ArrayList.forEach(ArrayList.java:1541)
	at java.base/java.util.concurrent.FutureTask.run(FutureTask.java:264)
	at java.base/java.util.concurrent.ThreadPoolExecutor.runWorker(ThreadPoolExecutor.java:1128)
	at java.base/java.util.concurrent.ThreadPoolExecutor$Worker.run(ThreadPoolExecutor.java:628)
	at java.base/java.lang.Thread.run(Thread.java:834)
... Removed 21 stack frames</div></td></tr></table><p class="totop"><a href="#summary">back to summary</a></p>
<h3 id="m6">Automation4ME.tests.ErrorValidationtest#Errors</h3><table class="result"><tr class="param"><th>Parameter #1</th></tr><tr class="param stripe"><td>{password=secret_sauce, email=standard_user}</td></tr><tr><th>Exception</th></tr><tr><td><div class="stacktrace">java.lang.AssertionError: expected [false] but found [true]
	at Automation4ME.tests.ErrorValidationtest.Errors(ErrorValidationtest.java:38)
	at java.base/java.util.ArrayList.forEach(ArrayList.java:1541)
	at java.base/java.util.concurrent.FutureTask.run(FutureTask.java:264)
	at java.base/java.util.concurrent.ThreadPoolExecutor.runWorker(ThreadPoolExecutor.java:1128)
	at java.base/java.util.concurrent.ThreadPoolExecutor$Worker.run(ThreadPoolExecutor.java:628)
	at java.base/java.lang.Thread.run(Thread.java:834)
... Removed 21 stack frames</div></td></tr></table><p class="totop"><a href="#summary">back to summary</a></p>
</body>
</html>
